2025-07-08 15:34:57,061 - MobileRobotController - INFO - Loaded model: arm_obotx_with_mobile_base.xml
2025-07-08 15:34:57,360 - MobileRobotController - INFO - Mobile robot controller initialized
2025-07-08 15:34:57,360 - MobileRobotController - INFO - Starting mobile robot control loop
2025-07-08 15:34:57,652 - MobileRobotController - INFO - MuJoCo viewer launched
2025-07-08 15:35:19,414 - MobileRobotController - INFO - Received signal 2, shutting down...
2025-07-08 15:35:19,444 - MobileRobotController - INFO - Control loop finished
2025-07-08 15:35:19,500 - MobileRobotController - INFO - Shutting down mobile robot controller
2025-07-08 15:44:52,360 - MobileRobotController - INFO - Loaded model: arm_obotx_with_mobile_base.xml
2025-07-08 15:44:53,022 - MobileRobotController - INFO - Mobile robot controller initialized
2025-07-08 15:44:53,022 - MobileRobotController - INFO - Starting mobile robot control loop
2025-07-08 15:44:53,494 - MobileRobotController - INFO - MuJoCo viewer launched
2025-07-08 15:46:13,919 - MobileRobotController - INFO - Manual stop executed
2025-07-08 15:46:25,558 - MobileRobotController - INFO - Received signal 2, shutting down...
2025-07-08 15:46:25,569 - MobileRobotController - INFO - Control loop finished
2025-07-08 15:46:25,685 - MobileRobotController - INFO - Shutting down mobile robot controller
2025-08-04 21:24:27,369 - MobileRobotController - INFO - Loaded model: arm_obotx_with_mobile_base.xml
2025-08-04 21:24:28,847 - MobileRobotController - INFO - Mobile robot controller initialized
2025-08-04 21:24:28,847 - MobileRobotController - INFO - Starting mobile robot control loop
2025-08-04 21:24:29,259 - MobileRobotController - INFO - MuJoCo viewer launched
2025-08-04 21:25:18,582 - MobileRobotController - INFO - Received signal 2, shutting down...
2025-08-04 21:25:18,605 - MobileRobotController - INFO - Control loop finished
2025-08-04 21:25:18,667 - MobileRobotController - INFO - Shutting down mobile robot controller
2025-08-04 21:25:20,554 - MobileRobotController - INFO - Loaded model: arm_obotx_with_mobile_base.xml
2025-08-04 21:25:21,040 - MobileRobotController - INFO - Mobile robot controller initialized
2025-08-04 21:25:21,041 - MobileRobotController - INFO - Starting mobile robot control loop
2025-08-04 21:25:22,922 - MobileRobotController - INFO - MuJoCo viewer launched
2025-08-04 21:25:48,540 - MobileRobotController - INFO - Manual stop executed
2025-08-04 21:25:51,642 - MobileRobotController - INFO - Manual stop executed
2025-08-04 21:26:29,756 - MobileRobotController - INFO - Received signal 2, shutting down...
2025-08-04 21:26:29,778 - MobileRobotController - INFO - Control loop finished
2025-08-04 21:26:29,844 - MobileRobotController - INFO - Shutting down mobile robot controller
2025-08-04 21:26:31,461 - MobileRobotController - INFO - Loaded model: arm_obotx_with_mobile_base.xml
2025-08-04 21:26:31,701 - MobileRobotController - INFO - Mobile robot controller initialized
2025-08-04 21:26:31,701 - MobileRobotController - INFO - Starting mobile robot control loop
2025-08-04 21:26:32,127 - MobileRobotController - INFO - MuJoCo viewer launched
2025-08-04 21:27:15,772 - MobileRobotController - INFO - Received signal 2, shutting down...
2025-08-04 21:27:15,782 - MobileRobotController - INFO - Control loop finished
2025-08-04 21:27:15,844 - MobileRobotController - INFO - Shutting down mobile robot controller
2025-08-04 21:27:17,260 - MobileRobotController - INFO - Loaded model: arm_obotx_with_mobile_base.xml
2025-08-04 21:27:17,495 - MobileRobotController - INFO - Mobile robot controller initialized
2025-08-04 21:27:17,496 - MobileRobotController - INFO - Starting mobile robot control loop
2025-08-04 21:27:17,885 - MobileRobotController - INFO - MuJoCo viewer launched
2025-08-04 21:28:02,153 - MobileRobotController - INFO - Received signal 2, shutting down...
2025-08-04 21:28:02,176 - MobileRobotController - INFO - Control loop finished
2025-08-04 21:28:02,234 - MobileRobotController - INFO - Shutting down mobile robot controller
2025-08-04 21:28:03,768 - MobileRobotController - INFO - Loaded model: arm_obotx_with_mobile_base.xml
2025-08-04 21:28:04,023 - MobileRobotController - INFO - Mobile robot controller initialized
2025-08-04 21:28:04,023 - MobileRobotController - INFO - Starting mobile robot control loop
2025-08-04 21:28:04,411 - MobileRobotController - INFO - MuJoCo viewer launched
2025-08-04 21:28:28,966 - MobileRobotController - INFO - Received signal 2, shutting down...
2025-08-04 21:28:28,990 - MobileRobotController - INFO - Control loop finished
2025-08-04 21:28:29,055 - MobileRobotController - INFO - Shutting down mobile robot controller
2025-08-04 21:28:32,469 - MobileRobotController - INFO - Loaded model: arm_obotx_with_mobile_base.xml
2025-08-04 21:28:32,706 - MobileRobotController - INFO - Mobile robot controller initialized
2025-08-04 21:28:32,706 - MobileRobotController - INFO - Starting mobile robot control loop
2025-08-04 21:28:33,115 - MobileRobotController - INFO - MuJoCo viewer launched
2025-08-04 21:29:15,962 - MobileRobotController - INFO - Received signal 2, shutting down...
2025-08-04 21:29:15,972 - MobileRobotController - INFO - Control loop finished
2025-08-04 21:29:16,040 - MobileRobotController - INFO - Shutting down mobile robot controller
2025-08-04 21:29:35,482 - MobileRobotController - INFO - Loaded model: arm_obotx_with_mobile_base.xml
2025-08-04 21:29:35,698 - MobileRobotController - INFO - Mobile robot controller initialized
2025-08-04 21:29:35,698 - MobileRobotController - INFO - Starting mobile robot control loop
2025-08-04 21:29:36,066 - MobileRobotController - INFO - MuJoCo viewer launched
2025-08-04 21:29:46,154 - MobileRobotController - INFO - Received signal 2, shutting down...
2025-08-04 21:29:46,165 - MobileRobotController - INFO - Control loop finished
2025-08-04 21:29:46,227 - MobileRobotController - INFO - Shutting down mobile robot controller
